<?xml version="1.0" encoding="UTF-8"?>
<!-- Generated by org.testng.reporters.JUnitReportReporter -->
<testsuite hostname="BINTERNS-QA23L" failures="0" tests="2" name="Demo_pipeline_tests.Demo_pipeline_homepagetest" time="4.021" errors="0" timestamp="2023-05-18T18:31:34 IST" skipped="0">
  <testcase classname="Demo_pipeline_tests.Demo_pipeline_homepagetest" name="verifylogo" time="0.481"/>
  <system-out/>
  <testcase classname="Demo_pipeline_tests.Demo_pipeline_homepagetest" name="enteruser" time="3.540"/>
  <system-out/>
</testsuite> <!-- Demo_pipeline_tests.Demo_pipeline_homepagetest -->
