<?xml version="1.0" encoding="UTF-8"?>
<!-- Generated by org.testng.reporters.JUnitReportReporter -->
<testsuite hostname="BINTERNS-QA23L" failures="0" tests="2" name="Demo_pipeline_tests.Demo_pipeline_homepagetest" time="2.930" errors="0" timestamp="2023-05-18T18:40:36 IST" skipped="0">
  <testcase classname="Demo_pipeline_tests.Demo_pipeline_homepagetest" name="verifylogo" time="0.654"/>
  <system-out/>
  <testcase classname="Demo_pipeline_tests.Demo_pipeline_homepagetest" name="enteruser" time="2.276"/>
  <system-out/>
</testsuite> <!-- Demo_pipeline_tests.Demo_pipeline_homepagetest -->
